14:26:58 INFO  : Processing command line option -hwspec C:/billiards/project_1/project_1.sdk/SDK/SDK_Export/hw/design_1.xml.
14:37:55 ERROR : Unexpected error while launching program.
java.lang.RuntimeException: A program file was not specified in the launch configuration.
	at com.xilinx.sdk.debug.core.XilinxAppLaunchConfigurationDelegate.runApplication(XilinxAppLaunchConfigurationDelegate.java:480)
	at com.xilinx.sdk.debug.core.XilinxAppLaunchConfigurationDelegate.launch(XilinxAppLaunchConfigurationDelegate.java:251)
	at com.xilinx.sdk.debug.ui.XilinxAppLaunchDelegateWrapper.launch(XilinxAppLaunchDelegateWrapper.java:31)
	at org.eclipse.debug.internal.core.LaunchConfiguration.launch(LaunchConfiguration.java:855)
	at org.eclipse.debug.internal.core.LaunchConfiguration.launch(LaunchConfiguration.java:704)
	at org.eclipse.debug.internal.ui.DebugUIPlugin.buildAndLaunch(DebugUIPlugin.java:1047)
	at org.eclipse.debug.internal.ui.DebugUIPlugin$8.run(DebugUIPlugin.java:1251)
	at org.eclipse.core.internal.jobs.Worker.run(Worker.java:54)
14:49:51 ERROR : Unexpected error while launching program.
com.xilinx.sdk.targetmanager.TMException: MicroBlaze is under RESET. Check if the Reset input to MicroBlaze and its Bus Interfaces are connected properly
    UNABLE to STOP MicroBlaze

	at com.xilinx.sdk.targetmanager.internal.TM.connectToProcessor(TM.java:546)
	at com.xilinx.sdk.debug.core.XilinxAppLaunchConfigurationDelegate.runTargetSetup(XilinxAppLaunchConfigurationDelegate.java:347)
	at com.xilinx.sdk.debug.core.XilinxAppLaunchConfigurationDelegate.runApplication(XilinxAppLaunchConfigurationDelegate.java:516)
	at com.xilinx.sdk.debug.core.XilinxAppLaunchConfigurationDelegate.launch(XilinxAppLaunchConfigurationDelegate.java:251)
	at com.xilinx.sdk.debug.ui.XilinxAppLaunchDelegateWrapper.launch(XilinxAppLaunchDelegateWrapper.java:31)
	at org.eclipse.debug.internal.core.LaunchConfiguration.launch(LaunchConfiguration.java:855)
	at org.eclipse.debug.internal.core.LaunchConfiguration.launch(LaunchConfiguration.java:704)
	at org.eclipse.debug.internal.ui.DebugUIPlugin.buildAndLaunch(DebugUIPlugin.java:1047)
	at org.eclipse.debug.internal.ui.DebugUIPlugin$8.run(DebugUIPlugin.java:1251)
	at org.eclipse.core.internal.jobs.Worker.run(Worker.java:54)
14:49:59 INFO  : Processor reset is completed for microblaze_0
14:50:12 INFO  : microblaze_0 Processor is in use. Please stop existing Run or Debug sessions before launching.
14:50:18 INFO  : Processor reset is completed for microblaze_0
14:50:48 INFO  : Processor reset is completed for microblaze_0
15:28:42 INFO  : Processor reset is completed for microblaze_0
15:29:33 INFO  : microblaze_0 Processor is in use. Please stop existing Run or Debug sessions before launching.
15:29:35 INFO  : Processor reset is completed for microblaze_0
15:32:41 INFO  : microblaze_0 Processor is in use. Please stop existing Run or Debug sessions before launching.
15:32:43 INFO  : Processor reset is completed for microblaze_0
15:33:51 INFO  : microblaze_0 Processor is in use. Please stop existing Run or Debug sessions before launching.
15:33:54 INFO  : Processor reset is completed for microblaze_0
15:35:48 INFO  : microblaze_0 Processor is in use. Please stop existing Run or Debug sessions before launching.
15:35:50 INFO  : Processor reset is completed for microblaze_0
15:36:07 INFO  : microblaze_0 Processor is in use. Please stop existing Run or Debug sessions before launching.
15:36:10 INFO  : Processor reset is completed for microblaze_0
15:36:45 INFO  : microblaze_0 Processor is in use. Please stop existing Run or Debug sessions before launching.
15:36:47 INFO  : Processor reset is completed for microblaze_0
15:40:43 INFO  : microblaze_0 Processor is in use. Please stop existing Run or Debug sessions before launching.
15:40:45 INFO  : Processor reset is completed for microblaze_0
15:40:53 INFO  : microblaze_0 Processor is in use. Please stop existing Run or Debug sessions before launching.
15:40:56 INFO  : Processor reset is completed for microblaze_0
15:41:16 INFO  : microblaze_0 Processor is in use. Please stop existing Run or Debug sessions before launching.
15:41:18 INFO  : Processor reset is completed for microblaze_0
15:41:44 INFO  : microblaze_0 Processor is in use. Please stop existing Run or Debug sessions before launching.
15:41:47 INFO  : Processor reset is completed for microblaze_0
15:42:10 INFO  : microblaze_0 Processor is in use. Please stop existing Run or Debug sessions before launching.
15:42:13 INFO  : Processor reset is completed for microblaze_0
15:42:22 INFO  : microblaze_0 Processor is in use. Please stop existing Run or Debug sessions before launching.
15:42:23 INFO  : Processor reset is completed for microblaze_0
15:42:42 INFO  : microblaze_0 Processor is in use. Please stop existing Run or Debug sessions before launching.
15:42:43 INFO  : Processor reset is completed for microblaze_0
15:43:04 INFO  : microblaze_0 Processor is in use. Please stop existing Run or Debug sessions before launching.
15:43:06 INFO  : Processor reset is completed for microblaze_0
15:43:14 INFO  : microblaze_0 Processor is in use. Please stop existing Run or Debug sessions before launching.
15:43:16 INFO  : Processor reset is completed for microblaze_0
15:44:04 INFO  : microblaze_0 Processor is in use. Please stop existing Run or Debug sessions before launching.
15:44:06 INFO  : Processor reset is completed for microblaze_0
15:44:29 INFO  : microblaze_0 Processor is in use. Please stop existing Run or Debug sessions before launching.
15:44:34 INFO  : Processor reset is completed for microblaze_0
15:44:59 INFO  : Processor reset is completed for microblaze_0
15:45:04 INFO  : Processor reset is completed for microblaze_0
15:45:18 INFO  : Processor reset is completed for microblaze_0
15:45:33 INFO  : Processor reset is completed for microblaze_0
15:45:52 INFO  : microblaze_0 Processor is in use. Please stop existing Run or Debug sessions before launching.
15:46:03 INFO  : Processor reset is completed for microblaze_0
15:46:25 INFO  : Processor reset is completed for microblaze_0
15:47:42 INFO  : Processor reset is completed for microblaze_0
15:48:01 INFO  : Processor reset is completed for microblaze_0
15:48:23 INFO  : Processor reset is completed for microblaze_0
15:49:22 INFO  : Processor reset is completed for microblaze_0
15:49:40 INFO  : microblaze_0 Processor is in use. Please stop existing Run or Debug sessions before launching.
15:49:43 INFO  : Processor reset is completed for microblaze_0
15:49:54 INFO  : microblaze_0 Processor is in use. Please stop existing Run or Debug sessions before launching.
15:49:55 INFO  : Processor reset is completed for microblaze_0
15:50:12 INFO  : microblaze_0 Processor is in use. Please stop existing Run or Debug sessions before launching.
15:50:14 INFO  : Processor reset is completed for microblaze_0
15:50:38 INFO  : microblaze_0 Processor is in use. Please stop existing Run or Debug sessions before launching.
15:50:40 INFO  : Processor reset is completed for microblaze_0
15:51:23 INFO  : microblaze_0 Processor is in use. Please stop existing Run or Debug sessions before launching.
15:51:25 INFO  : Processor reset is completed for microblaze_0
15:51:48 INFO  : microblaze_0 Processor is in use. Please stop existing Run or Debug sessions before launching.
15:51:49 INFO  : Processor reset is completed for microblaze_0
15:52:10 INFO  : microblaze_0 Processor is in use. Please stop existing Run or Debug sessions before launching.
15:52:12 INFO  : Processor reset is completed for microblaze_0
15:54:06 INFO  : microblaze_0 Processor is in use. Please stop existing Run or Debug sessions before launching.
15:54:08 INFO  : Processor reset is completed for microblaze_0
15:55:06 INFO  : microblaze_0 Processor is in use. Please stop existing Run or Debug sessions before launching.
15:55:08 INFO  : Processor reset is completed for microblaze_0
15:56:51 INFO  : microblaze_0 Processor is in use. Please stop existing Run or Debug sessions before launching.
15:56:53 INFO  : Processor reset is completed for microblaze_0
15:58:23 INFO  : microblaze_0 Processor is in use. Please stop existing Run or Debug sessions before launching.
15:58:25 INFO  : Processor reset is completed for microblaze_0
15:59:26 INFO  : microblaze_0 Processor is in use. Please stop existing Run or Debug sessions before launching.
15:59:29 INFO  : Processor reset is completed for microblaze_0
16:01:03 INFO  : microblaze_0 Processor is in use. Please stop existing Run or Debug sessions before launching.
16:01:05 INFO  : Processor reset is completed for microblaze_0
16:01:16 INFO  : microblaze_0 Processor is in use. Please stop existing Run or Debug sessions before launching.
16:01:18 INFO  : Processor reset is completed for microblaze_0
16:04:08 INFO  : microblaze_0 Processor is in use. Please stop existing Run or Debug sessions before launching.
16:04:10 INFO  : Processor reset is completed for microblaze_0
16:04:21 INFO  : microblaze_0 Processor is in use. Please stop existing Run or Debug sessions before launching.
16:04:24 INFO  : Processor reset is completed for microblaze_0
16:04:49 INFO  : microblaze_0 Processor is in use. Please stop existing Run or Debug sessions before launching.
16:04:51 INFO  : Processor reset is completed for microblaze_0
16:05:06 INFO  : microblaze_0 Processor is in use. Please stop existing Run or Debug sessions before launching.
16:05:08 INFO  : Processor reset is completed for microblaze_0
16:08:38 INFO  : microblaze_0 Processor is in use. Please stop existing Run or Debug sessions before launching.
16:08:40 INFO  : Processor reset is completed for microblaze_0
16:09:41 INFO  : microblaze_0 Processor is in use. Please stop existing Run or Debug sessions before launching.
16:09:42 INFO  : Processor reset is completed for microblaze_0
16:11:25 INFO  : microblaze_0 Processor is in use. Please stop existing Run or Debug sessions before launching.
16:11:27 INFO  : Processor reset is completed for microblaze_0
16:11:57 INFO  : microblaze_0 Processor is in use. Please stop existing Run or Debug sessions before launching.
16:11:59 INFO  : Processor reset is completed for microblaze_0
16:12:13 INFO  : microblaze_0 Processor is in use. Please stop existing Run or Debug sessions before launching.
16:12:16 INFO  : Processor reset is completed for microblaze_0
16:16:16 INFO  : microblaze_0 Processor is in use. Please stop existing Run or Debug sessions before launching.
16:16:18 INFO  : Processor reset is completed for microblaze_0
16:18:07 INFO  : microblaze_0 Processor is in use. Please stop existing Run or Debug sessions before launching.
16:18:09 INFO  : Processor reset is completed for microblaze_0
16:18:34 INFO  : microblaze_0 Processor is in use. Please stop existing Run or Debug sessions before launching.
16:18:35 INFO  : Processor reset is completed for microblaze_0
16:20:14 INFO  : microblaze_0 Processor is in use. Please stop existing Run or Debug sessions before launching.
16:20:17 INFO  : Processor reset is completed for microblaze_0
16:20:49 INFO  : Processor reset is completed for microblaze_0
16:21:18 INFO  : microblaze_0 Processor is in use. Please stop existing Run or Debug sessions before launching.
16:21:20 INFO  : Processor reset is completed for microblaze_0
16:21:42 INFO  : Processor reset is completed for microblaze_0
16:22:40 INFO  : microblaze_0 Processor is in use. Please stop existing Run or Debug sessions before launching.
16:22:42 INFO  : Processor reset is completed for microblaze_0
16:22:59 INFO  : microblaze_0 Processor is in use. Please stop existing Run or Debug sessions before launching.
16:23:01 INFO  : Processor reset is completed for microblaze_0
16:23:55 INFO  : microblaze_0 Processor is in use. Please stop existing Run or Debug sessions before launching.
16:23:57 INFO  : Processor reset is completed for microblaze_0
16:31:38 INFO  : Processor reset is completed for microblaze_0
16:31:57 INFO  : Processor reset is completed for microblaze_0
16:32:29 INFO  : Processor reset is completed for microblaze_0
16:32:48 INFO  : Processor reset is completed for microblaze_0
16:32:59 INFO  : Processor reset is completed for microblaze_0
16:33:33 INFO  : Processor reset is completed for microblaze_0
16:33:41 INFO  : Processor reset is completed for microblaze_0
16:35:01 INFO  : Processor reset is completed for microblaze_0
16:35:17 INFO  : Processor reset is completed for microblaze_0
16:35:58 INFO  : Processor reset is completed for microblaze_0
16:36:20 INFO  : Processor reset is completed for microblaze_0
16:36:52 INFO  : Processor reset is completed for microblaze_0
16:37:17 INFO  : Processor reset is completed for microblaze_0
16:37:32 INFO  : Processor reset is completed for microblaze_0
16:37:54 INFO  : Processor reset is completed for microblaze_0
16:38:18 INFO  : Processor reset is completed for microblaze_0
16:39:03 INFO  : Processor reset is completed for microblaze_0
16:41:47 INFO  : Processor reset is completed for microblaze_0
16:43:01 INFO  : Processor reset is completed for microblaze_0
16:43:10 INFO  : microblaze_0 Processor is in use. Please stop existing Run or Debug sessions before launching.
16:43:13 INFO  : Processor reset is completed for microblaze_0
16:43:51 INFO  : microblaze_0 Processor is in use. Please stop existing Run or Debug sessions before launching.
16:43:54 INFO  : Processor reset is completed for microblaze_0
16:44:10 INFO  : Processor reset is completed for microblaze_0
16:44:35 INFO  : Processor reset is completed for microblaze_0
16:44:52 INFO  : Processor reset is completed for microblaze_0
16:45:19 INFO  : Processor reset is completed for microblaze_0
16:45:33 INFO  : microblaze_0 Processor is in use. Please stop existing Run or Debug sessions before launching.
16:45:37 INFO  : Processor reset is completed for microblaze_0
17:22:45 INFO  : Project hw_platform_0's source hardware specification located at C:/billiards/project_1/project_1.sdk/SDK/SDK_Export/hw/design_1.xml is now different from the local copy.
		 The local copy will be replaced with the source specification and your workspace will be updated.
17:22:51 INFO  : Copied contents of C:/billiards/project_1/project_1.sdk/SDK/SDK_Export/hw/design_1.xml into \hw_platform_0\system.xml.
17:22:56 INFO  : Copied contents of C:\billiards\project_1\project_1.sdk\SDK\SDK_Export\hw\design_1_wrapper.bit into \hw_platform_0\design_1_wrapper.bit.
17:22:56 INFO  : Copied contents of C:\billiards\project_1\project_1.sdk\SDK\SDK_Export\hw\design_1_wrapper_bd.bmm into \hw_platform_0\design_1_wrapper_bd.bmm.
17:23:00 INFO  : Synchronizing projects in the workspace with the hardware platform specification changes.
17:23:01 INFO  : 
17:23:02 INFO  : Updating hardware inferred compiler options for original_project.
17:23:02 INFO  : Clearing existing target manager status.
17:23:02 INFO  : Workspace synchronized with the new hardware specification file. Cleaning dependent projects...
17:23:38 ERROR : Unexpected error while launching program.
com.xilinx.sdk.targetmanager.TMException: MicroBlaze is under RESET. Check if the Reset input to MicroBlaze and its Bus Interfaces are connected properly
    UNABLE to STOP MicroBlaze

	at com.xilinx.sdk.targetmanager.internal.TM.connectToProcessor(TM.java:546)
	at com.xilinx.sdk.debug.core.XilinxAppLaunchConfigurationDelegate.runTargetSetup(XilinxAppLaunchConfigurationDelegate.java:347)
	at com.xilinx.sdk.debug.core.XilinxAppLaunchConfigurationDelegate.runApplication(XilinxAppLaunchConfigurationDelegate.java:516)
	at com.xilinx.sdk.debug.core.XilinxAppLaunchConfigurationDelegate.launch(XilinxAppLaunchConfigurationDelegate.java:251)
	at com.xilinx.sdk.debug.ui.XilinxAppLaunchDelegateWrapper.launch(XilinxAppLaunchDelegateWrapper.java:31)
	at org.eclipse.debug.internal.core.LaunchConfiguration.launch(LaunchConfiguration.java:855)
	at org.eclipse.debug.internal.core.LaunchConfiguration.launch(LaunchConfiguration.java:704)
	at org.eclipse.debug.internal.ui.DebugUIPlugin.buildAndLaunch(DebugUIPlugin.java:1047)
	at org.eclipse.debug.internal.ui.DebugUIPlugin$8.run(DebugUIPlugin.java:1251)
	at org.eclipse.core.internal.jobs.Worker.run(Worker.java:54)
17:23:46 INFO  : Processor reset is completed for microblaze_0
17:24:26 INFO  : microblaze_0 Processor is in use. Please stop existing Run or Debug sessions before launching.
17:24:28 INFO  : Processor reset is completed for microblaze_0
17:25:10 INFO  : Processor reset is completed for microblaze_0
17:29:52 ERROR : Unexpected error while parsing XMD response ?: com.google.gson.JsonSyntaxException: com.google.gson.stream.MalformedJsonException: invalid number or unquoted string near 
17:30:13 INFO  : Processing command line option -hwspec C:/billiards/project_1/project_1.sdk/SDK/SDK_Export/hw/design_1.xml.
17:30:16 INFO  : The hardware specification for project 'hw_platform_0' is different from C:/billiards/project_1/project_1.sdk/SDK/SDK_Export/hw/design_1.xml.
17:30:16 INFO  : Copied contents of C:/billiards/project_1/project_1.sdk/SDK/SDK_Export/hw/design_1.xml into \hw_platform_0\system.xml.
17:30:19 INFO  : Copied contents of C:\billiards\project_1\project_1.sdk\SDK\SDK_Export\hw\design_1_wrapper.bit into \hw_platform_0\design_1_wrapper.bit.
17:30:19 INFO  : Copied contents of C:\billiards\project_1\project_1.sdk\SDK\SDK_Export\hw\design_1_wrapper_bd.bmm into \hw_platform_0\design_1_wrapper_bd.bmm.
17:30:23 INFO  : Synchronizing projects in the workspace with the hardware platform specification changes.
17:31:01 INFO  : 
17:31:02 INFO  : Updating hardware inferred compiler options for original_project.
17:31:02 INFO  : Clearing existing target manager status.
17:31:03 INFO  : Closing and re-opening the MSS file of ther project original_project_bsp
17:31:03 INFO  : Workspace synchronized with the new hardware specification file. Cleaning dependent projects...
17:42:42 INFO  : Processor reset is completed for microblaze_0
17:44:07 INFO  : microblaze_0 Processor is in use. Please stop existing Run or Debug sessions before launching.
17:44:09 INFO  : Processor reset is completed for microblaze_0
17:44:36 INFO  : microblaze_0 Processor is in use. Please stop existing Run or Debug sessions before launching.
17:44:38 INFO  : Processor reset is completed for microblaze_0
17:46:18 INFO  : microblaze_0 Processor is in use. Please stop existing Run or Debug sessions before launching.
17:46:19 INFO  : Processor reset is completed for microblaze_0
17:47:14 INFO  : microblaze_0 Processor is in use. Please stop existing Run or Debug sessions before launching.
17:47:15 INFO  : Processor reset is completed for microblaze_0
17:48:59 INFO  : microblaze_0 Processor is in use. Please stop existing Run or Debug sessions before launching.
17:49:01 INFO  : Processor reset is completed for microblaze_0
17:50:39 INFO  : Processor reset is completed for microblaze_0
17:52:53 INFO  : Processor reset is completed for microblaze_0
17:54:12 INFO  : Processor reset is completed for microblaze_0
17:54:20 INFO  : Processor reset is completed for microblaze_0
17:54:55 INFO  : Processor reset is completed for microblaze_0
17:55:25 INFO  : Processor reset is completed for microblaze_0
17:55:39 INFO  : Processor reset is completed for microblaze_0
17:56:03 INFO  : Processor reset is completed for microblaze_0
17:56:41 INFO  : Processor reset is completed for microblaze_0
17:56:51 INFO  : Processor reset is completed for microblaze_0
17:57:40 INFO  : Processor reset is completed for microblaze_0
17:58:04 INFO  : Processor reset is completed for microblaze_0
17:58:14 INFO  : Processor reset is completed for microblaze_0
17:59:20 INFO  : Processor reset is completed for microblaze_0
18:00:03 INFO  : Processor reset is completed for microblaze_0
18:00:14 INFO  : Processor reset is completed for microblaze_0
18:01:02 INFO  : Processor reset is completed for microblaze_0
18:02:02 INFO  : Processor reset is completed for microblaze_0
18:03:12 INFO  : Processor reset is completed for microblaze_0
18:04:46 INFO  : Processor reset is completed for microblaze_0
18:05:04 INFO  : Processor reset is completed for microblaze_0
18:05:53 INFO  : Processor reset is completed for microblaze_0
18:06:29 INFO  : Processor reset is completed for microblaze_0
18:11:46 INFO  : Processor reset is completed for microblaze_0
18:12:25 INFO  : Processor reset is completed for microblaze_0
18:13:22 INFO  : microblaze_0 Processor is in use. Please stop existing Run or Debug sessions before launching.
18:13:24 INFO  : Processor reset is completed for microblaze_0
18:14:02 INFO  : microblaze_0 Processor is in use. Please stop existing Run or Debug sessions before launching.
18:14:04 INFO  : Processor reset is completed for microblaze_0
18:14:14 INFO  : microblaze_0 Processor is in use. Please stop existing Run or Debug sessions before launching.
18:14:16 INFO  : Processor reset is completed for microblaze_0
18:14:57 INFO  : microblaze_0 Processor is in use. Please stop existing Run or Debug sessions before launching.
18:14:59 INFO  : Processor reset is completed for microblaze_0
18:15:14 INFO  : microblaze_0 Processor is in use. Please stop existing Run or Debug sessions before launching.
18:15:16 INFO  : Processor reset is completed for microblaze_0
18:15:42 INFO  : microblaze_0 Processor is in use. Please stop existing Run or Debug sessions before launching.
18:15:43 INFO  : Processor reset is completed for microblaze_0
18:16:26 INFO  : microblaze_0 Processor is in use. Please stop existing Run or Debug sessions before launching.
18:16:28 INFO  : Processor reset is completed for microblaze_0
18:16:41 INFO  : microblaze_0 Processor is in use. Please stop existing Run or Debug sessions before launching.
18:16:42 INFO  : Processor reset is completed for microblaze_0
18:16:52 INFO  : microblaze_0 Processor is in use. Please stop existing Run or Debug sessions before launching.
18:16:53 INFO  : Processor reset is completed for microblaze_0
18:17:08 INFO  : microblaze_0 Processor is in use. Please stop existing Run or Debug sessions before launching.
18:17:10 INFO  : Processor reset is completed for microblaze_0
18:17:20 INFO  : microblaze_0 Processor is in use. Please stop existing Run or Debug sessions before launching.
18:17:21 INFO  : Processor reset is completed for microblaze_0
18:17:31 INFO  : microblaze_0 Processor is in use. Please stop existing Run or Debug sessions before launching.
18:17:33 INFO  : Processor reset is completed for microblaze_0
18:18:00 INFO  : microblaze_0 Processor is in use. Please stop existing Run or Debug sessions before launching.
18:18:02 INFO  : Processor reset is completed for microblaze_0
18:18:16 INFO  : microblaze_0 Processor is in use. Please stop existing Run or Debug sessions before launching.
18:18:18 INFO  : Processor reset is completed for microblaze_0
18:18:27 INFO  : microblaze_0 Processor is in use. Please stop existing Run or Debug sessions before launching.
18:18:29 INFO  : Processor reset is completed for microblaze_0
18:18:51 INFO  : microblaze_0 Processor is in use. Please stop existing Run or Debug sessions before launching.
18:18:53 INFO  : Processor reset is completed for microblaze_0
18:19:15 INFO  : microblaze_0 Processor is in use. Please stop existing Run or Debug sessions before launching.
18:19:18 INFO  : Processor reset is completed for microblaze_0
18:19:42 INFO  : microblaze_0 Processor is in use. Please stop existing Run or Debug sessions before launching.
18:19:44 INFO  : Processor reset is completed for microblaze_0
18:21:11 INFO  : microblaze_0 Processor is in use. Please stop existing Run or Debug sessions before launching.
18:21:12 INFO  : Processor reset is completed for microblaze_0
18:22:11 INFO  : microblaze_0 Processor is in use. Please stop existing Run or Debug sessions before launching.
18:22:13 INFO  : Processor reset is completed for microblaze_0
18:22:37 INFO  : Processor reset is completed for microblaze_0
18:22:58 INFO  : Processor reset is completed for microblaze_0
18:24:17 INFO  : Processor reset is completed for microblaze_0
18:25:10 INFO  : Processor reset is completed for microblaze_0
18:25:59 INFO  : Processor reset is completed for microblaze_0
18:28:07 INFO  : Processor reset is completed for microblaze_0
18:28:27 INFO  : microblaze_0 Processor is in use. Please stop existing Run or Debug sessions before launching.
18:28:29 INFO  : Processor reset is completed for microblaze_0
18:28:46 INFO  : microblaze_0 Processor is in use. Please stop existing Run or Debug sessions before launching.
18:28:48 INFO  : Processor reset is completed for microblaze_0
18:29:46 INFO  : Processor reset is completed for microblaze_0
18:29:51 INFO  : microblaze_0 Processor is in use. Please stop existing Run or Debug sessions before launching.
18:29:53 INFO  : Processor reset is completed for microblaze_0
18:30:53 INFO  : Processor reset is completed for microblaze_0
18:31:53 INFO  : microblaze_0 Processor is in use. Please stop existing Run or Debug sessions before launching.
18:31:54 INFO  : Processor reset is completed for microblaze_0
18:31:59 INFO  : microblaze_0 Processor is in use. Please stop existing Run or Debug sessions before launching.
18:32:00 INFO  : Processor reset is completed for microblaze_0
18:32:39 INFO  : Processor reset is completed for microblaze_0
18:51:02 INFO  : microblaze_0 Processor is in use. Please stop existing Run or Debug sessions before launching.
18:51:04 INFO  : Processor reset is completed for microblaze_0
18:51:24 INFO  : Processor reset is completed for microblaze_0
18:51:41 INFO  : Processor reset is completed for microblaze_0
18:53:18 INFO  : Processor reset is completed for microblaze_0
18:54:22 INFO  : Processor reset is completed for microblaze_0
18:54:55 INFO  : microblaze_0 Processor is in use. Please stop existing Run or Debug sessions before launching.
18:54:56 INFO  : Processor reset is completed for microblaze_0
18:55:08 INFO  : microblaze_0 Processor is in use. Please stop existing Run or Debug sessions before launching.
18:55:10 INFO  : Processor reset is completed for microblaze_0
18:55:21 INFO  : microblaze_0 Processor is in use. Please stop existing Run or Debug sessions before launching.
18:55:23 INFO  : Processor reset is completed for microblaze_0
18:55:36 INFO  : microblaze_0 Processor is in use. Please stop existing Run or Debug sessions before launching.
18:55:37 INFO  : Processor reset is completed for microblaze_0
18:55:54 INFO  : microblaze_0 Processor is in use. Please stop existing Run or Debug sessions before launching.
18:55:55 INFO  : Processor reset is completed for microblaze_0
18:56:12 INFO  : microblaze_0 Processor is in use. Please stop existing Run or Debug sessions before launching.
18:56:14 INFO  : Processor reset is completed for microblaze_0
18:56:52 INFO  : microblaze_0 Processor is in use. Please stop existing Run or Debug sessions before launching.
18:56:53 INFO  : Processor reset is completed for microblaze_0
18:58:29 INFO  : Processor reset is completed for microblaze_0
19:00:07 INFO  : microblaze_0 Processor is in use. Please stop existing Run or Debug sessions before launching.
19:00:09 INFO  : Processor reset is completed for microblaze_0
19:05:46 INFO  : microblaze_0 Processor is in use. Please stop existing Run or Debug sessions before launching.
19:05:48 INFO  : Processor reset is completed for microblaze_0
19:06:14 INFO  : microblaze_0 Processor is in use. Please stop existing Run or Debug sessions before launching.
19:06:16 INFO  : Processor reset is completed for microblaze_0
19:07:54 INFO  : microblaze_0 Processor is in use. Please stop existing Run or Debug sessions before launching.
19:07:56 INFO  : Processor reset is completed for microblaze_0
19:08:28 INFO  : microblaze_0 Processor is in use. Please stop existing Run or Debug sessions before launching.
19:08:30 INFO  : Processor reset is completed for microblaze_0
21:45:42 ERROR : Unexpected error while launching program.
com.xilinx.sdk.targetmanager.TMException: MicroBlaze is under RESET. Check if the Reset input to MicroBlaze and its Bus Interfaces are connected properly
    UNABLE to STOP MicroBlaze

	at com.xilinx.sdk.targetmanager.internal.TM.connectToProcessor(TM.java:546)
	at com.xilinx.sdk.debug.core.XilinxAppLaunchConfigurationDelegate.runTargetSetup(XilinxAppLaunchConfigurationDelegate.java:347)
	at com.xilinx.sdk.debug.core.XilinxAppLaunchConfigurationDelegate.runApplication(XilinxAppLaunchConfigurationDelegate.java:516)
	at com.xilinx.sdk.debug.core.XilinxAppLaunchConfigurationDelegate.launch(XilinxAppLaunchConfigurationDelegate.java:251)
	at com.xilinx.sdk.debug.ui.XilinxAppLaunchDelegateWrapper.launch(XilinxAppLaunchDelegateWrapper.java:31)
	at org.eclipse.debug.internal.core.LaunchConfiguration.launch(LaunchConfiguration.java:855)
	at org.eclipse.debug.internal.core.LaunchConfiguration.launch(LaunchConfiguration.java:704)
	at org.eclipse.debug.internal.ui.DebugUIPlugin.buildAndLaunch(DebugUIPlugin.java:1047)
	at org.eclipse.debug.internal.ui.DebugUIPlugin$8.run(DebugUIPlugin.java:1251)
	at org.eclipse.core.internal.jobs.Worker.run(Worker.java:54)
21:45:56 INFO  : Processor reset is completed for microblaze_0
21:46:38 INFO  : microblaze_0 Processor is in use. Please stop existing Run or Debug sessions before launching.
21:46:40 INFO  : Processor reset is completed for microblaze_0
21:47:11 INFO  : microblaze_0 Processor is in use. Please stop existing Run or Debug sessions before launching.
21:47:15 INFO  : Processor reset is completed for microblaze_0
21:47:34 INFO  : microblaze_0 Processor is in use. Please stop existing Run or Debug sessions before launching.
21:47:37 INFO  : Processor reset is completed for microblaze_0
21:47:42 INFO  : microblaze_0 Processor is in use. Please stop existing Run or Debug sessions before launching.
21:47:45 INFO  : Processor reset is completed for microblaze_0
21:47:49 INFO  : microblaze_0 Processor is in use. Please stop existing Run or Debug sessions before launching.
21:47:51 INFO  : Processor reset is completed for microblaze_0
21:49:02 INFO  : microblaze_0 Processor is in use. Please stop existing Run or Debug sessions before launching.
21:49:04 INFO  : Processor reset is completed for microblaze_0
21:49:25 INFO  : microblaze_0 Processor is in use. Please stop existing Run or Debug sessions before launching.
21:49:27 INFO  : Processor reset is completed for microblaze_0
21:51:02 INFO  : microblaze_0 Processor is in use. Please stop existing Run or Debug sessions before launching.
21:51:03 INFO  : Processor reset is completed for microblaze_0
21:51:09 INFO  : microblaze_0 Processor is in use. Please stop existing Run or Debug sessions before launching.
21:51:11 INFO  : Processor reset is completed for microblaze_0
21:51:15 INFO  : microblaze_0 Processor is in use. Please stop existing Run or Debug sessions before launching.
21:51:17 INFO  : Processor reset is completed for microblaze_0
21:51:21 INFO  : microblaze_0 Processor is in use. Please stop existing Run or Debug sessions before launching.
21:51:23 INFO  : Processor reset is completed for microblaze_0
21:51:52 INFO  : microblaze_0 Processor is in use. Please stop existing Run or Debug sessions before launching.
21:51:54 INFO  : Processor reset is completed for microblaze_0
21:52:25 INFO  : microblaze_0 Processor is in use. Please stop existing Run or Debug sessions before launching.
21:52:27 INFO  : Processor reset is completed for microblaze_0
21:53:21 INFO  : microblaze_0 Processor is in use. Please stop existing Run or Debug sessions before launching.
21:53:23 INFO  : Processor reset is completed for microblaze_0
21:53:30 INFO  : microblaze_0 Processor is in use. Please stop existing Run or Debug sessions before launching.
21:53:32 INFO  : Processor reset is completed for microblaze_0
21:53:49 INFO  : microblaze_0 Processor is in use. Please stop existing Run or Debug sessions before launching.
21:53:51 INFO  : Processor reset is completed for microblaze_0
21:53:57 INFO  : microblaze_0 Processor is in use. Please stop existing Run or Debug sessions before launching.
21:54:00 INFO  : Processor reset is completed for microblaze_0
21:55:10 INFO  : microblaze_0 Processor is in use. Please stop existing Run or Debug sessions before launching.
21:55:12 INFO  : Processor reset is completed for microblaze_0
21:57:12 INFO  : microblaze_0 Processor is in use. Please stop existing Run or Debug sessions before launching.
21:57:14 INFO  : Processor reset is completed for microblaze_0
21:58:04 INFO  : microblaze_0 Processor is in use. Please stop existing Run or Debug sessions before launching.
21:58:06 INFO  : Processor reset is completed for microblaze_0
22:00:43 INFO  : microblaze_0 Processor is in use. Please stop existing Run or Debug sessions before launching.
22:00:45 INFO  : Processor reset is completed for microblaze_0
22:01:29 INFO  : microblaze_0 Processor is in use. Please stop existing Run or Debug sessions before launching.
22:01:31 INFO  : Processor reset is completed for microblaze_0
22:02:53 INFO  : microblaze_0 Processor is in use. Please stop existing Run or Debug sessions before launching.
22:02:56 INFO  : Processor reset is completed for microblaze_0
22:03:46 INFO  : microblaze_0 Processor is in use. Please stop existing Run or Debug sessions before launching.
22:03:48 INFO  : Processor reset is completed for microblaze_0
22:04:13 INFO  : microblaze_0 Processor is in use. Please stop existing Run or Debug sessions before launching.
22:04:15 INFO  : Processor reset is completed for microblaze_0
22:04:38 INFO  : microblaze_0 Processor is in use. Please stop existing Run or Debug sessions before launching.
22:04:40 INFO  : Processor reset is completed for microblaze_0
22:05:52 INFO  : microblaze_0 Processor is in use. Please stop existing Run or Debug sessions before launching.
22:05:54 INFO  : Processor reset is completed for microblaze_0
22:06:33 INFO  : microblaze_0 Processor is in use. Please stop existing Run or Debug sessions before launching.
22:06:35 INFO  : Processor reset is completed for microblaze_0
22:08:48 INFO  : microblaze_0 Processor is in use. Please stop existing Run or Debug sessions before launching.
22:08:51 INFO  : Processor reset is completed for microblaze_0
22:10:55 INFO  : microblaze_0 Processor is in use. Please stop existing Run or Debug sessions before launching.
22:10:57 INFO  : Processor reset is completed for microblaze_0
22:11:07 INFO  : microblaze_0 Processor is in use. Please stop existing Run or Debug sessions before launching.
22:11:10 INFO  : Processor reset is completed for microblaze_0
22:11:16 INFO  : microblaze_0 Processor is in use. Please stop existing Run or Debug sessions before launching.
22:11:18 INFO  : Processor reset is completed for microblaze_0
22:11:26 INFO  : microblaze_0 Processor is in use. Please stop existing Run or Debug sessions before launching.
22:11:36 INFO  : microblaze_0 Processor is in use. Please stop existing Run or Debug sessions before launching.
22:11:38 INFO  : Processor reset is completed for microblaze_0
22:12:19 INFO  : microblaze_0 Processor is in use. Please stop existing Run or Debug sessions before launching.
22:12:21 INFO  : Processor reset is completed for microblaze_0
22:12:59 INFO  : microblaze_0 Processor is in use. Please stop existing Run or Debug sessions before launching.
22:13:02 INFO  : Processor reset is completed for microblaze_0
22:13:48 INFO  : microblaze_0 Processor is in use. Please stop existing Run or Debug sessions before launching.
22:13:50 INFO  : Processor reset is completed for microblaze_0
22:13:56 INFO  : microblaze_0 Processor is in use. Please stop existing Run or Debug sessions before launching.
22:13:58 INFO  : Processor reset is completed for microblaze_0
22:14:40 INFO  : microblaze_0 Processor is in use. Please stop existing Run or Debug sessions before launching.
22:14:42 INFO  : Processor reset is completed for microblaze_0
22:15:14 INFO  : microblaze_0 Processor is in use. Please stop existing Run or Debug sessions before launching.
22:15:15 INFO  : Processor reset is completed for microblaze_0
22:16:01 INFO  : microblaze_0 Processor is in use. Please stop existing Run or Debug sessions before launching.
22:16:03 INFO  : Processor reset is completed for microblaze_0
22:18:48 INFO  : microblaze_0 Processor is in use. Please stop existing Run or Debug sessions before launching.
22:18:49 INFO  : Processor reset is completed for microblaze_0
22:19:10 INFO  : microblaze_0 Processor is in use. Please stop existing Run or Debug sessions before launching.
22:19:13 INFO  : Processor reset is completed for microblaze_0
22:20:32 INFO  : microblaze_0 Processor is in use. Please stop existing Run or Debug sessions before launching.
22:20:34 INFO  : Processor reset is completed for microblaze_0
22:21:12 INFO  : microblaze_0 Processor is in use. Please stop existing Run or Debug sessions before launching.
22:21:15 INFO  : Processor reset is completed for microblaze_0
22:22:00 INFO  : microblaze_0 Processor is in use. Please stop existing Run or Debug sessions before launching.
22:22:02 INFO  : Processor reset is completed for microblaze_0
22:22:42 INFO  : microblaze_0 Processor is in use. Please stop existing Run or Debug sessions before launching.
22:22:44 INFO  : Processor reset is completed for microblaze_0
22:23:16 INFO  : microblaze_0 Processor is in use. Please stop existing Run or Debug sessions before launching.
22:23:18 INFO  : Processor reset is completed for microblaze_0
22:24:18 INFO  : microblaze_0 Processor is in use. Please stop existing Run or Debug sessions before launching.
22:24:20 INFO  : Processor reset is completed for microblaze_0
22:24:58 INFO  : microblaze_0 Processor is in use. Please stop existing Run or Debug sessions before launching.
22:25:01 INFO  : Processor reset is completed for microblaze_0
22:26:07 INFO  : microblaze_0 Processor is in use. Please stop existing Run or Debug sessions before launching.
22:26:08 INFO  : Processor reset is completed for microblaze_0
22:28:51 INFO  : microblaze_0 Processor is in use. Please stop existing Run or Debug sessions before launching.
22:28:53 INFO  : Processor reset is completed for microblaze_0
22:28:58 INFO  : microblaze_0 Processor is in use. Please stop existing Run or Debug sessions before launching.
22:29:00 INFO  : Processor reset is completed for microblaze_0
22:29:06 INFO  : microblaze_0 Processor is in use. Please stop existing Run or Debug sessions before launching.
22:29:08 INFO  : Processor reset is completed for microblaze_0
22:29:45 INFO  : microblaze_0 Processor is in use. Please stop existing Run or Debug sessions before launching.
22:29:48 INFO  : Processor reset is completed for microblaze_0
22:29:57 INFO  : microblaze_0 Processor is in use. Please stop existing Run or Debug sessions before launching.
22:29:59 INFO  : Processor reset is completed for microblaze_0
22:30:07 INFO  : microblaze_0 Processor is in use. Please stop existing Run or Debug sessions before launching.
22:30:09 INFO  : Processor reset is completed for microblaze_0
22:30:24 INFO  : microblaze_0 Processor is in use. Please stop existing Run or Debug sessions before launching.
22:30:25 INFO  : Processor reset is completed for microblaze_0
22:31:54 INFO  : microblaze_0 Processor is in use. Please stop existing Run or Debug sessions before launching.
22:31:55 INFO  : Processor reset is completed for microblaze_0
22:32:20 INFO  : microblaze_0 Processor is in use. Please stop existing Run or Debug sessions before launching.
22:32:22 INFO  : Processor reset is completed for microblaze_0
22:33:12 INFO  : microblaze_0 Processor is in use. Please stop existing Run or Debug sessions before launching.
22:33:13 INFO  : Processor reset is completed for microblaze_0
22:33:35 INFO  : microblaze_0 Processor is in use. Please stop existing Run or Debug sessions before launching.
22:33:38 INFO  : Processor reset is completed for microblaze_0
22:33:51 INFO  : microblaze_0 Processor is in use. Please stop existing Run or Debug sessions before launching.
22:33:57 INFO  : Processor reset is completed for microblaze_0
22:35:24 INFO  : microblaze_0 Processor is in use. Please stop existing Run or Debug sessions before launching.
22:35:25 INFO  : Processor reset is completed for microblaze_0
22:37:44 INFO  : microblaze_0 Processor is in use. Please stop existing Run or Debug sessions before launching.
22:37:46 INFO  : Processor reset is completed for microblaze_0
22:37:53 INFO  : microblaze_0 Processor is in use. Please stop existing Run or Debug sessions before launching.
22:37:55 INFO  : Processor reset is completed for microblaze_0
22:39:54 INFO  : microblaze_0 Processor is in use. Please stop existing Run or Debug sessions before launching.
22:39:56 INFO  : Processor reset is completed for microblaze_0
22:40:18 INFO  : microblaze_0 Processor is in use. Please stop existing Run or Debug sessions before launching.
22:40:19 INFO  : Processor reset is completed for microblaze_0
22:48:34 INFO  : microblaze_0 Processor is in use. Please stop existing Run or Debug sessions before launching.
22:48:35 INFO  : Processor reset is completed for microblaze_0
22:48:42 INFO  : microblaze_0 Processor is in use. Please stop existing Run or Debug sessions before launching.
22:48:43 INFO  : Processor reset is completed for microblaze_0
22:49:10 INFO  : microblaze_0 Processor is in use. Please stop existing Run or Debug sessions before launching.
22:49:12 INFO  : Processor reset is completed for microblaze_0
22:49:18 INFO  : microblaze_0 Processor is in use. Please stop existing Run or Debug sessions before launching.
22:49:20 INFO  : Processor reset is completed for microblaze_0
22:49:26 INFO  : microblaze_0 Processor is in use. Please stop existing Run or Debug sessions before launching.
22:49:27 INFO  : Processor reset is completed for microblaze_0
22:58:51 INFO  : microblaze_0 Processor is in use. Please stop existing Run or Debug sessions before launching.
22:58:52 INFO  : Processor reset is completed for microblaze_0
22:59:09 INFO  : microblaze_0 Processor is in use. Please stop existing Run or Debug sessions before launching.
22:59:11 INFO  : Processor reset is completed for microblaze_0
22:59:23 INFO  : microblaze_0 Processor is in use. Please stop existing Run or Debug sessions before launching.
22:59:27 INFO  : Processor reset is completed for microblaze_0
22:59:44 INFO  : microblaze_0 Processor is in use. Please stop existing Run or Debug sessions before launching.
22:59:46 INFO  : Processor reset is completed for microblaze_0
23:00:35 INFO  : microblaze_0 Processor is in use. Please stop existing Run or Debug sessions before launching.
23:00:37 INFO  : Processor reset is completed for microblaze_0
23:02:20 INFO  : microblaze_0 Processor is in use. Please stop existing Run or Debug sessions before launching.
23:02:21 INFO  : Processor reset is completed for microblaze_0
23:09:01 INFO  : microblaze_0 Processor is in use. Please stop existing Run or Debug sessions before launching.
23:09:02 INFO  : Processor reset is completed for microblaze_0
23:11:11 INFO  : microblaze_0 Processor is in use. Please stop existing Run or Debug sessions before launching.
23:11:13 INFO  : Processor reset is completed for microblaze_0
23:13:56 INFO  : microblaze_0 Processor is in use. Please stop existing Run or Debug sessions before launching.
23:13:57 INFO  : Processor reset is completed for microblaze_0
23:14:04 INFO  : microblaze_0 Processor is in use. Please stop existing Run or Debug sessions before launching.
23:14:05 INFO  : Processor reset is completed for microblaze_0
23:14:14 INFO  : microblaze_0 Processor is in use. Please stop existing Run or Debug sessions before launching.
23:14:16 INFO  : Processor reset is completed for microblaze_0
23:14:54 INFO  : microblaze_0 Processor is in use. Please stop existing Run or Debug sessions before launching.
23:14:56 INFO  : Processor reset is completed for microblaze_0
23:15:02 INFO  : microblaze_0 Processor is in use. Please stop existing Run or Debug sessions before launching.
23:15:03 INFO  : Processor reset is completed for microblaze_0
23:37:35 INFO  : microblaze_0 Processor is in use. Please stop existing Run or Debug sessions before launching.
23:37:37 INFO  : Processor reset is completed for microblaze_0
23:37:45 INFO  : microblaze_0 Processor is in use. Please stop existing Run or Debug sessions before launching.
23:37:47 INFO  : Processor reset is completed for microblaze_0
23:39:27 INFO  : microblaze_0 Processor is in use. Please stop existing Run or Debug sessions before launching.
23:39:30 INFO  : Processor reset is completed for microblaze_0
23:39:46 INFO  : microblaze_0 Processor is in use. Please stop existing Run or Debug sessions before launching.
23:39:47 INFO  : Processor reset is completed for microblaze_0
23:41:32 INFO  : microblaze_0 Processor is in use. Please stop existing Run or Debug sessions before launching.
23:41:33 INFO  : Processor reset is completed for microblaze_0
23:41:57 INFO  : microblaze_0 Processor is in use. Please stop existing Run or Debug sessions before launching.
23:41:58 INFO  : Processor reset is completed for microblaze_0
23:43:36 INFO  : microblaze_0 Processor is in use. Please stop existing Run or Debug sessions before launching.
23:43:38 INFO  : Processor reset is completed for microblaze_0
23:44:42 INFO  : microblaze_0 Processor is in use. Please stop existing Run or Debug sessions before launching.
23:44:44 INFO  : Processor reset is completed for microblaze_0
23:45:28 INFO  : microblaze_0 Processor is in use. Please stop existing Run or Debug sessions before launching.
23:45:30 INFO  : Processor reset is completed for microblaze_0
23:46:19 INFO  : microblaze_0 Processor is in use. Please stop existing Run or Debug sessions before launching.
23:46:21 INFO  : Processor reset is completed for microblaze_0
23:46:44 INFO  : microblaze_0 Processor is in use. Please stop existing Run or Debug sessions before launching.
23:46:46 INFO  : Processor reset is completed for microblaze_0
23:49:09 INFO  : microblaze_0 Processor is in use. Please stop existing Run or Debug sessions before launching.
23:49:11 INFO  : Processor reset is completed for microblaze_0
